<?xml version="1.0" encoding="UTF-8"?>
<!-- Generated by org.testng.reporters.JUnitReportReporter -->
<testsuite hostname="Pandukas-MacBook-Air.local" failures="0" tests="1" name="com.example.runner.CucumberRunnerTests" time="23.927" errors="0" timestamp="2023-10-17T19:45:45 NZDT" skipped="0">
  <testcase classname="com.example.runner.CucumberRunnerTests" name="runScenario" time="23.927"/>
  <system-out/>
</testsuite> <!-- com.example.runner.CucumberRunnerTests -->
