<?xml version="1.0" encoding="UTF-8"?>
<!-- Generated by org.testng.reporters.JUnitReportReporter -->
<testsuite hostname="Pandukas-MacBook-Air.local" failures="0" tests="1" name="com.example.definitions.SampleTest" time="14.617" errors="0" timestamp="2023-10-08T08:59:30 NZDT" skipped="0">
  <testcase classname="com.example.definitions.SampleTest" name="f" time="14.617"/>
  <system-out/>
</testsuite> <!-- com.example.definitions.SampleTest -->
