<?xml version="1.0" encoding="UTF-8"?>
<!-- Generated by org.testng.reporters.JUnitReportReporter -->
<testsuite hostname="Pandukas-MacBook-Air.local" failures="0" tests="1" name="com.swiggy.runner.CucumberRunnerTests" time="23.661" errors="0" timestamp="2023-10-17T20:00:22 NZDT" skipped="0">
  <testcase classname="com.swiggy.runner.CucumberRunnerTests" name="runScenario" time="23.661"/>
  <system-out/>
</testsuite> <!-- com.swiggy.runner.CucumberRunnerTests -->
